2020-05-26 17:35:13 [my-scheduled-task-pool-8] [ERROR] c.s.h.c.config.batch.ScheduledTasks - Ran into an error {}
java.lang.InterruptedException: sleep interrupted
	at java.lang.Thread.sleep(Native Method)
	at java.lang.Thread.sleep(Unknown Source)
	at java.util.concurrent.TimeUnit.sleep(Unknown Source)
	at com.sokkheang.huo.common.config.batch.ScheduledTasks.scheduleTaskWithFixedDelay(ScheduledTasks.java:28)
	at sun.reflect.GeneratedMethodAccessor86.invoke(Unknown Source)
	at sun.reflect.DelegatingMethodAccessorImpl.invoke(Unknown Source)
	at java.lang.reflect.Method.invoke(Unknown Source)
	at org.springframework.scheduling.support.ScheduledMethodRunnable.run(ScheduledMethodRunnable.java:65)
	at org.springframework.scheduling.support.DelegatingErrorHandlingRunnable.run(DelegatingErrorHandlingRunnable.java:54)
	at java.util.concurrent.Executors$RunnableAdapter.call(Unknown Source)
	at java.util.concurrent.FutureTask.runAndReset(Unknown Source)
	at java.util.concurrent.ScheduledThreadPoolExecutor$ScheduledFutureTask.access$301(Unknown Source)
	at java.util.concurrent.ScheduledThreadPoolExecutor$ScheduledFutureTask.run(Unknown Source)
	at java.util.concurrent.ThreadPoolExecutor.runWorker(Unknown Source)
	at java.util.concurrent.ThreadPoolExecutor$Worker.run(Unknown Source)
	at java.lang.Thread.run(Unknown Source)
2020-05-26 17:35:13 [my-scheduled-task-pool-8] [ERROR] o.s.s.s.TaskUtils$LoggingErrorHandler - Unexpected error occurred in scheduled task.
java.lang.IllegalStateException: java.lang.InterruptedException: sleep interrupted
	at com.sokkheang.huo.common.config.batch.ScheduledTasks.scheduleTaskWithFixedDelay(ScheduledTasks.java:31)
	at sun.reflect.GeneratedMethodAccessor86.invoke(Unknown Source)
	at sun.reflect.DelegatingMethodAccessorImpl.invoke(Unknown Source)
	at java.lang.reflect.Method.invoke(Unknown Source)
	at org.springframework.scheduling.support.ScheduledMethodRunnable.run(ScheduledMethodRunnable.java:65)
	at org.springframework.scheduling.support.DelegatingErrorHandlingRunnable.run(DelegatingErrorHandlingRunnable.java:54)
	at java.util.concurrent.Executors$RunnableAdapter.call(Unknown Source)
	at java.util.concurrent.FutureTask.runAndReset(Unknown Source)
	at java.util.concurrent.ScheduledThreadPoolExecutor$ScheduledFutureTask.access$301(Unknown Source)
	at java.util.concurrent.ScheduledThreadPoolExecutor$ScheduledFutureTask.run(Unknown Source)
	at java.util.concurrent.ThreadPoolExecutor.runWorker(Unknown Source)
	at java.util.concurrent.ThreadPoolExecutor$Worker.run(Unknown Source)
	at java.lang.Thread.run(Unknown Source)
Caused by: java.lang.InterruptedException: sleep interrupted
	at java.lang.Thread.sleep(Native Method)
	at java.lang.Thread.sleep(Unknown Source)
	at java.util.concurrent.TimeUnit.sleep(Unknown Source)
	at com.sokkheang.huo.common.config.batch.ScheduledTasks.scheduleTaskWithFixedDelay(ScheduledTasks.java:28)
	... 12 common frames omitted
